<?xml version="1.0" encoding="utf-8" standalone="no"?>
<!--This file represents the results of running a test suite-->
<test-results name="E:\Proyecto SGD\SGD\SGD_Test\bin\Debug\SGD_Test.dll" total="2" errors="1" failures="0" not-run="0" inconclusive="0" ignored="0" skipped="0" invalid="0" date="2016-10-12" time="20:59:17">
  <environment nunit-version="2.6.4.14350" clr-version="2.0.50727.8745" os-version="Microsoft Windows NT 6.2.9200.0" platform="Win32NT" cwd="C:\Program Files (x86)\NUnit 2.6.4\bin" machine-name="DESKTOP-BDPC1R3" user="Pablo" user-domain="DESKTOP-BDPC1R3" />
  <culture-info current-culture="es-AR" current-uiculture="es-ES" />
  <test-suite type="Assembly" name="E:\Proyecto SGD\SGD\SGD_Test\bin\Debug\SGD_Test.dll" executed="True" result="Failure" success="False" time="0.207" asserts="0">
    <results>
      <test-suite type="Namespace" name="SGD_Test" executed="True" result="Failure" success="False" time="0.198" asserts="0">
        <results>
          <test-suite type="Namespace" name="Test" executed="True" result="Failure" success="False" time="0.198" asserts="0">
            <results>
              <test-suite type="TestFixture" name="CampaniasT" executed="True" result="Failure" success="False" time="0.197" asserts="0">
                <results>
                  <test-case name="SGD_Test.Test.CampaniasT.Listado" executed="True" result="Error" success="False" time="0.117" asserts="0">
                    <failure>
                      <message><![CDATA[System.NullReferenceException : Referencia a objeto no establecida como instancia de un objeto.]]></message>
                      <stack-trace><![CDATA[en SGD_Datos.Datos.CampaniasD..ctor() en E:\Proyecto SGD\SGD\SGD_Datos\CampaniasD.vb:línea 15
en SGD_Test.Test.CampaniasT.Listado() en E:\Proyecto SGD\SGD\SGD_Test\CampaniasT.vb:línea 11
]]></stack-trace>
                    </failure>
                  </test-case>
                  <test-case name="SGD_Test.Test.CampaniasT.Prueba" executed="True" result="Success" success="True" time="0.009" asserts="1" />
                </results>
              </test-suite>
            </results>
          </test-suite>
        </results>
      </test-suite>
    </results>
  </test-suite>
</test-results>